Arguments: 
  C:\Program Files\nodejs\node.exe C:\Users\parent\AppData\Roaming\npm\node_modules\yarn\bin\yarn.js install

PATH: 
  C:\ProgramData\anaconda3\condabin;C:\ProgramData\Oracle\Java\javapath;C:\Program Files\Microsoft\jdk-11.0.16.101-hotspot\bin;C:\Python311\Scripts\;C:\Python311\;C:\Program Files\Python36\Scripts\;C:\Program Files\Python36\;C:\Program Files\Common Files\Oracle\Java\javapath;C:\Program Files (x86)\Common Files\Oracle\Java\javapath;C:\Windows\system32;C:\Windows;C:\Windows\System32\Wbem;C:\Windows\System32\WindowsPowerShell\v1.0\;C:\Windows\System32\OpenSSH\;C:\Program Files\Microsoft SQL Server\120\Tools\Binn\;C:\Program Files\nodejs\;C:\ProgramData\chocolatey\bin;C:\Gradle\gradle-8.1.1\bin;C:\Program Files\Git\cmd;C:\Program Files\dotnet\;C:\Program Files\Docker\Docker\resources\bin;C:\Users\parent\AppData\Local\Microsoft\WindowsApps;C:\Users\parent\AppData\Local\Programs\Microsoft VS Code\bin;C:\Users\parent\AppData\Roaming\npm;C:\Users\parent\AppData\Local\GitHubDesktop\bin;C:\Users\parent\.dotnet\tools;C:\msys64\mingw64\bin;C:\msys64\mingw64\bin;C:\Program Files\heroku\bin

Yarn version: 
  1.22.19

Node version: 
  18.16.0

Platform: 
  win32 x64

Trace: 
  Error: EPERM: operation not permitted, unlink 'C:\Code_projects\BuildingBlocs\sep2023website\GatherTalk\node_modules\node\bin\node.exe'

npm manifest: 
  {
    "dependencies": {
      "ejs": "^3.1.9",
      "express": "^4.18.2",
      "fs": "^0.0.1-security",
      "http": "^0.0.1-security",
      "mongodb": "^6.0.0",
      "mongoose": "^7.5.0",
      "node": "^20.5.1",
      "nodemon": "^3.0.1",
      "yarn": "^1.22.19"
    }
  }

yarn manifest: 
  No manifest

Lockfile: 
  No lockfile
